<?xml version="1.0" encoding="UTF-8"?>
<!-- Generated by org.testng.reporters.JUnitReportReporter -->
<testsuite skipped="0" hostname="VI205812" name="remoteTesting.dockerValidation.chromeTest2" tests="1" failures="0" timestamp="2021-02-25T12:32:16 IST" time="3.975" errors="0">
  <testcase name="test2" time="3.975" classname="remoteTesting.dockerValidation.chromeTest2"/>
  <system-out/>
</testsuite> <!-- remoteTesting.dockerValidation.chromeTest2 -->
