<?xml version="1.0" encoding="UTF-8"?>
<!-- Generated by org.testng.reporters.JUnitReportReporter -->
<testsuite skipped="0" hostname="VI205812" name="remoteTesting.dockerValidation.chromeTest1" tests="1" failures="0" timestamp="03 Mar 2021 11:27:53 GMT" time="11.918" errors="0">
  <testcase name="test1" time="11.918" classname="remoteTesting.dockerValidation.chromeTest1"/>
</testsuite> <!-- remoteTesting.dockerValidation.chromeTest1 -->
