<?xml version="1.0" encoding="UTF-8"?>
<!-- Generated by org.testng.reporters.JUnitReportReporter -->
<testsuite skipped="0" hostname="VI205812" name="remoteTesting.dockerValidation.chromeTest2" tests="1" failures="0" timestamp="03 Mar 2021 11:27:53 GMT" time="13.222" errors="0">
  <testcase name="test2" time="13.222" classname="remoteTesting.dockerValidation.chromeTest2"/>
</testsuite> <!-- remoteTesting.dockerValidation.chromeTest2 -->
