<?xml version="1.0" encoding="UTF-8"?>
<!-- Generated by org.testng.reporters.JUnitReportReporter -->
<testsuite skipped="0" hostname="VI205812" name="remoteTesting.dockerValidation.chromeTest3" tests="1" failures="0" timestamp="03 Mar 2021 11:27:53 GMT" time="12.719" errors="0">
  <testcase name="test3" time="12.719" classname="remoteTesting.dockerValidation.chromeTest3"/>
</testsuite> <!-- remoteTesting.dockerValidation.chromeTest3 -->
